# JRE version: Java(TM) SE Runtime Environment (16.0.1+9) (build 16.0.1+9-24)
# Java VM: Java HotSpot(TM) 64-Bit Server VM (16.0.1+9-24, mixed mode, sharing, tiered, compressed oops, compressed class ptrs, g1 gc, windows-amd64)
GC Precious Log:
 CPUs: 8 total, 8 available
 Memory: 16265M
 Large Page Support: Disabled
 NUMA Support: Disabled
 Compressed Oops: Enabled (Zero based)
 Heap Region Size: 2M
 Heap Min Capacity: 8M
 Heap Initial Capacity: 256M
 Heap Max Capacity: 4068M
 Pre-touch: Disabled
 Parallel Workers: 8
 Concurrent Workers: 2
 Concurrent Refinement Workers: 8
 Periodic GC: Disabled
Heap:
 garbage-first heap   total 69632K, used 20882K [0x0000000701c00000, 0x0000000800000000)
  region size 2048K, 1 young (2048K), 0 survivors (0K)
 Metaspace       used 28407K, committed 28736K, reserved 1081344K
  class space    used 3786K, committed 3968K, reserved 1048576K
GC Heap History (20 events):
Event: 1.421 GC heap after
{Heap after GC invocations=6 (full 2):
 garbage-first heap   total 28672K, used 9518K [0x0000000701c00000, 0x0000000800000000)
  region size 2048K, 1 young (2048K), 1 survivors (2048K)
 Metaspace       used 15192K, committed 15424K, reserved 1064960K
  class space    used 2150K, committed 2240K, reserved 1048576K
}
Event: 1.591 GC heap before
{Heap before GC invocations=6 (full 2):
 garbage-first heap   total 28672K, used 15662K [0x0000000701c00000, 0x0000000800000000)
  region size 2048K, 4 young (8192K), 1 survivors (2048K)
 Metaspace       used 15407K, committed 15616K, reserved 1064960K
  class space    used 2151K, committed 2240K, reserved 1048576K
}
Event: 1.595 GC heap after
{Heap after GC invocations=7 (full 2):
 garbage-first heap   total 28672K, used 11849K [0x0000000701c00000, 0x0000000800000000)
  region size 2048K, 1 young (2048K), 1 survivors (2048K)
 Metaspace       used 15407K, committed 15616K, reserved 1064960K
  class space    used 2151K, committed 2240K, reserved 1048576K
}
Event: 1.725 GC heap before
{Heap before GC invocations=7 (full 2):
 garbage-first heap   total 28672K, used 15945K [0x0000000701c00000, 0x0000000800000000)
  region size 2048K, 3 young (6144K), 1 survivors (2048K)
 Metaspace       used 16285K, committed 16576K, reserved 1064960K
  class space    used 2240K, committed 2432K, reserved 1048576K
}
Event: 1.728 GC heap after
{Heap after GC invocations=8 (full 2):
 garbage-first heap   total 145408K, used 13294K [0x0000000701c00000, 0x0000000800000000)
  region size 2048K, 1 young (2048K), 1 survivors (2048K)
 Metaspace       used 16285K, committed 16576K, reserved 1064960K
  class space    used 2240K, committed 2432K, reserved 1048576K
}
Event: 14.216 GC heap before
{Heap before GC invocations=8 (full 2):
 garbage-first heap   total 145408K, used 27630K [0x0000000701c00000, 0x0000000800000000)
  region size 2048K, 8 young (16384K), 1 survivors (2048K)
 Metaspace       used 18967K, committed 19264K, reserved 1073152K
  class space    used 2572K, committed 2688K, reserved 1048576K
}
Event: 14.235 GC heap after
{Heap after GC invocations=9 (full 3):
 garbage-first heap   total 69632K, used 16104K [0x0000000701c00000, 0x0000000800000000)
  region size 2048K, 0 young (0K), 0 survivors (0K)
 Metaspace       used 18967K, committed 19264K, reserved 1073152K
  class space    used 2572K, committed 2688K, reserved 1048576K
}
Event: 14.479 GC heap before
{Heap before GC invocations=9 (full 3):
 garbage-first heap   total 69632K, used 36584K [0x0000000701c00000, 0x0000000800000000)
  region size 2048K, 10 young (20480K), 0 survivors (0K)
 Metaspace       used 25283K, committed 25664K, reserved 1073152K
  class space    used 3494K, committed 3648K, reserved 1048576K
}
Event: 14.482 GC heap after
{Heap after GC invocations=10 (full 3):
 garbage-first heap   total 69632K, used 19662K [0x0000000701c00000, 0x0000000800000000)
  region size 2048K, 2 young (4096K), 2 survivors (4096K)
 Metaspace       used 25283K, committed 25664K, reserved 1073152K
  class space    used 3494K, committed 3648K, reserved 1048576K
}
Event: 17.183 GC heap before
{Heap before GC invocations=10 (full 3):
 garbage-first heap   total 69632K, used 25806K [0x0000000701c00000, 0x0000000800000000)
  region size 2048K, 6 young (12288K), 2 survivors (4096K)
 Metaspace       used 27420K, committed 27776K, reserved 1073152K
  class space    used 3731K, committed 3904K, reserved 1048576K
}
Event: 17.214 GC heap after
{Heap after GC invocations=11 (full 4):
 garbage-first heap   total 69632K, used 20350K [0x0000000701c00000, 0x0000000800000000)
  region size 2048K, 0 young (0K), 0 survivors (0K)
 Metaspace       used 27420K, committed 27776K, reserved 1073152K
  class space    used 3731K, committed 3904K, reserved 1048576K
}
Event: 21.675 GC heap before
{Heap before GC invocations=11 (full 4):
 garbage-first heap   total 69632K, used 34686K [0x0000000701c00000, 0x0000000800000000)
  region size 2048K, 8 young (16384K), 0 survivors (0K)
 Metaspace       used 28382K, committed 28736K, reserved 1081344K
  class space    used 3782K, committed 3968K, reserved 1048576K
}
Event: 21.707 GC heap after
{Heap after GC invocations=12 (full 5):
 garbage-first heap   total 69632K, used 20496K [0x0000000701c00000, 0x0000000800000000)
  region size 2048K, 0 young (0K), 0 survivors (0K)
 Metaspace       used 28382K, committed 28736K, reserved 1081344K
  class space    used 3782K, committed 3968K, reserved 1048576K
}
Event: 21.709 GC heap before
{Heap before GC invocations=12 (full 5):
 garbage-first heap   total 69632K, used 20496K [0x0000000701c00000, 0x0000000800000000)
  region size 2048K, 1 young (2048K), 0 survivors (0K)
 Metaspace       used 28398K, committed 28736K, reserved 1081344K
  class space    used 3784K, committed 3968K, reserved 1048576K
}
Event: 21.740 GC heap after
{Heap after GC invocations=13 (full 6):
 garbage-first heap   total 69632K, used 20503K [0x0000000701c00000, 0x0000000800000000)
  region size 2048K, 0 young (0K), 0 survivors (0K)
 Metaspace       used 28398K, committed 28736K, reserved 1081344K
  class space    used 3784K, committed 3968K, reserved 1048576K
}
Event: 21.741 GC heap before
{Heap before GC invocations=13 (full 6):
 garbage-first heap   total 69632K, used 20503K [0x0000000701c00000, 0x0000000800000000)
  region size 2048K, 1 young (2048K), 0 survivors (0K)
 Metaspace       used 28401K, committed 28736K, reserved 1081344K
  class space    used 3785K, committed 3968K, reserved 1048576K
}
Event: 21.771 GC heap after
{Heap after GC invocations=14 (full 7):
 garbage-first heap   total 69632K, used 20506K [0x0000000701c00000, 0x0000000800000000)
  region size 2048K, 0 young (0K), 0 survivors (0K)
 Metaspace       used 28401K, committed 28736K, reserved 1081344K
  class space    used 3785K, committed 3968K, reserved 1048576K
}
Event: 21.771 GC heap before
{Heap before GC invocations=14 (full 7):
 garbage-first heap   total 69632K, used 20506K [0x0000000701c00000, 0x0000000800000000)
  region size 2048K, 1 young (2048K), 0 survivors (0K)
 Metaspace       used 28401K, committed 28736K, reserved 1081344K
  class space    used 3785K, committed 3968K, reserved 1048576K
}
Event: 21.801 GC heap after
{Heap after GC invocations=15 (full 8):
 garbage-first heap   total 69632K, used 20514K [0x0000000701c00000, 0x0000000800000000)
  region size 2048K, 0 young (0K), 0 survivors (0K)
 Metaspace       used 28401K, committed 28736K, reserved 1081344K
  class space    used 3785K, committed 3968K, reserved 1048576K
}
Event: 21.802 GC heap before
{Heap before GC invocations=15 (full 8):
 garbage-first heap   total 69632K, used 20514K [0x0000000701c00000, 0x0000000800000000)
  region size 2048K, 1 young (2048K), 0 survivors (0K)
 Metaspace       used 28403K, committed 28736K, reserved 1081344K
  class space    used 3785K, committed 3968K, reserved 1048576K
}

