# JRE version: Java(TM) SE Runtime Environment (16.0.1+9) (build 16.0.1+9-24)
# Java VM: Java HotSpot(TM) 64-Bit Server VM (16.0.1+9-24, mixed mode, sharing, tiered, compressed oops, compressed class ptrs, g1 gc, windows-amd64)
GC Precious Log:
 CPUs: 8 total, 8 available
 Memory: 16265M
 Large Page Support: Disabled
 NUMA Support: Disabled
 Compressed Oops: Enabled (Zero based)
 Heap Region Size: 2M
 Heap Min Capacity: 8M
 Heap Initial Capacity: 256M
 Heap Max Capacity: 4068M
 Pre-touch: Disabled
 Parallel Workers: 8
 Concurrent Workers: 2
 Concurrent Refinement Workers: 8
 Periodic GC: Disabled
Heap:
 garbage-first heap   total 34816K, used 15635K [0x0000000701c00000, 0x0000000800000000)
  region size 2048K, 1 young (2048K), 0 survivors (0K)
 Metaspace       used 25945K, committed 26176K, reserved 1073152K
  class space    used 3354K, committed 3456K, reserved 1048576K
GC Heap History (20 events):
Event: 9.523 GC heap after
{Heap after GC invocations=26 (full 20):
 garbage-first heap   total 34816K, used 15581K [0x0000000701c00000, 0x0000000800000000)
  region size 2048K, 0 young (0K), 0 survivors (0K)
 Metaspace       used 25376K, committed 25600K, reserved 1073152K
  class space    used 3343K, committed 3456K, reserved 1048576K
}
Event: 9.524 GC heap before
{Heap before GC invocations=26 (full 20):
 garbage-first heap   total 34816K, used 15581K [0x0000000701c00000, 0x0000000800000000)
  region size 2048K, 1 young (2048K), 0 survivors (0K)
 Metaspace       used 25379K, committed 25664K, reserved 1073152K
  class space    used 3343K, committed 3456K, reserved 1048576K
}
Event: 9.563 GC heap after
{Heap after GC invocations=27 (full 21):
 garbage-first heap   total 34816K, used 15581K [0x0000000701c00000, 0x0000000800000000)
  region size 2048K, 0 young (0K), 0 survivors (0K)
 Metaspace       used 25379K, committed 25664K, reserved 1073152K
  class space    used 3343K, committed 3456K, reserved 1048576K
}
Event: 9.842 GC heap before
{Heap before GC invocations=27 (full 21):
 garbage-first heap   total 34816K, used 17629K [0x0000000701c00000, 0x0000000800000000)
  region size 2048K, 2 young (4096K), 0 survivors (0K)
 Metaspace       used 25498K, committed 25728K, reserved 1073152K
  class space    used 3343K, committed 3456K, reserved 1048576K
}
Event: 9.882 GC heap after
{Heap after GC invocations=28 (full 22):
 garbage-first heap   total 34816K, used 15586K [0x0000000701c00000, 0x0000000800000000)
  region size 2048K, 0 young (0K), 0 survivors (0K)
 Metaspace       used 25498K, committed 25728K, reserved 1073152K
  class space    used 3343K, committed 3456K, reserved 1048576K
}
Event: 9.882 GC heap before
{Heap before GC invocations=28 (full 22):
 garbage-first heap   total 34816K, used 15586K [0x0000000701c00000, 0x0000000800000000)
  region size 2048K, 0 young (0K), 0 survivors (0K)
 Metaspace       used 25498K, committed 25728K, reserved 1073152K
  class space    used 3343K, committed 3456K, reserved 1048576K
}
Event: 9.933 GC heap after
{Heap after GC invocations=29 (full 23):
 garbage-first heap   total 34816K, used 15586K [0x0000000701c00000, 0x0000000800000000)
  region size 2048K, 0 young (0K), 0 survivors (0K)
 Metaspace       used 25498K, committed 25728K, reserved 1073152K
  class space    used 3343K, committed 3456K, reserved 1048576K
}
Event: 16.349 GC heap before
{Heap before GC invocations=29 (full 23):
 garbage-first heap   total 34816K, used 21730K [0x0000000701c00000, 0x0000000800000000)
  region size 2048K, 4 young (8192K), 0 survivors (0K)
 Metaspace       used 25861K, committed 26112K, reserved 1073152K
  class space    used 3344K, committed 3456K, reserved 1048576K
}
Event: 16.394 GC heap after
{Heap after GC invocations=30 (full 24):
 garbage-first heap   total 34816K, used 15577K [0x0000000701c00000, 0x0000000800000000)
  region size 2048K, 0 young (0K), 0 survivors (0K)
 Metaspace       used 25861K, committed 26112K, reserved 1073152K
  class space    used 3344K, committed 3456K, reserved 1048576K
}
Event: 17.685 GC heap before
{Heap before GC invocations=30 (full 24):
 garbage-first heap   total 34816K, used 15577K [0x0000000701c00000, 0x0000000800000000)
  region size 2048K, 1 young (2048K), 0 survivors (0K)
 Metaspace       used 25875K, committed 26112K, reserved 1073152K
  class space    used 3344K, committed 3456K, reserved 1048576K
}
Event: 17.723 GC heap after
{Heap after GC invocations=31 (full 25):
 garbage-first heap   total 34816K, used 15585K [0x0000000701c00000, 0x0000000800000000)
  region size 2048K, 0 young (0K), 0 survivors (0K)
 Metaspace       used 25875K, committed 26112K, reserved 1073152K
  class space    used 3344K, committed 3456K, reserved 1048576K
}
Event: 17.795 GC heap before
{Heap before GC invocations=31 (full 25):
 garbage-first heap   total 34816K, used 15585K [0x0000000701c00000, 0x0000000800000000)
  region size 2048K, 1 young (2048K), 0 survivors (0K)
 Metaspace       used 25930K, committed 26176K, reserved 1073152K
  class space    used 3352K, committed 3456K, reserved 1048576K
}
Event: 17.834 GC heap after
{Heap after GC invocations=32 (full 26):
 garbage-first heap   total 34816K, used 15590K [0x0000000701c00000, 0x0000000800000000)
  region size 2048K, 0 young (0K), 0 survivors (0K)
 Metaspace       used 25930K, committed 26176K, reserved 1073152K
  class space    used 3352K, committed 3456K, reserved 1048576K
}
Event: 17.835 GC heap before
{Heap before GC invocations=32 (full 26):
 garbage-first heap   total 34816K, used 15590K [0x0000000701c00000, 0x0000000800000000)
  region size 2048K, 1 young (2048K), 0 survivors (0K)
 Metaspace       used 25944K, committed 26176K, reserved 1073152K
  class space    used 3354K, committed 3456K, reserved 1048576K
}
Event: 17.873 GC heap after
{Heap after GC invocations=33 (full 27):
 garbage-first heap   total 34816K, used 15595K [0x0000000701c00000, 0x0000000800000000)
  region size 2048K, 0 young (0K), 0 survivors (0K)
 Metaspace       used 25944K, committed 26176K, reserved 1073152K
  class space    used 3354K, committed 3456K, reserved 1048576K
}
Event: 17.874 GC heap before
{Heap before GC invocations=33 (full 27):
 garbage-first heap   total 34816K, used 15595K [0x0000000701c00000, 0x0000000800000000)
  region size 2048K, 1 young (2048K), 0 survivors (0K)
 Metaspace       used 25944K, committed 26176K, reserved 1073152K
  class space    used 3354K, committed 3456K, reserved 1048576K
}
Event: 17.913 GC heap after
{Heap after GC invocations=34 (full 28):
 garbage-first heap   total 34816K, used 15593K [0x0000000701c00000, 0x0000000800000000)
  region size 2048K, 0 young (0K), 0 survivors (0K)
 Metaspace       used 25944K, committed 26176K, reserved 1073152K
  class space    used 3354K, committed 3456K, reserved 1048576K
}
Event: 17.914 GC heap before
{Heap before GC invocations=34 (full 28):
 garbage-first heap   total 34816K, used 15593K [0x0000000701c00000, 0x0000000800000000)
  region size 2048K, 1 young (2048K), 0 survivors (0K)
 Metaspace       used 25944K, committed 26176K, reserved 1073152K
  class space    used 3354K, committed 3456K, reserved 1048576K
}
Event: 17.953 GC heap after
{Heap after GC invocations=35 (full 29):
 garbage-first heap   total 34816K, used 15594K [0x0000000701c00000, 0x0000000800000000)
  region size 2048K, 0 young (0K), 0 survivors (0K)
 Metaspace       used 25944K, committed 26176K, reserved 1073152K
  class space    used 3354K, committed 3456K, reserved 1048576K
}
Event: 17.954 GC heap before
{Heap before GC invocations=35 (full 29):
 garbage-first heap   total 34816K, used 15594K [0x0000000701c00000, 0x0000000800000000)
  region size 2048K, 1 young (2048K), 0 survivors (0K)
 Metaspace       used 25945K, committed 26176K, reserved 1073152K
  class space    used 3354K, committed 3456K, reserved 1048576K
}

