# JRE version: Java(TM) SE Runtime Environment (16.0.1+9) (build 16.0.1+9-24)
# Java VM: Java HotSpot(TM) 64-Bit Server VM (16.0.1+9-24, mixed mode, sharing, tiered, compressed oops, compressed class ptrs, g1 gc, windows-amd64)
GC Precious Log:
 CPUs: 8 total, 8 available
 Memory: 16265M
 Large Page Support: Disabled
 NUMA Support: Disabled
 Compressed Oops: Enabled (Zero based)
 Heap Region Size: 2M
 Heap Min Capacity: 8M
 Heap Initial Capacity: 256M
 Heap Max Capacity: 4068M
 Pre-touch: Disabled
 Parallel Workers: 8
 Concurrent Workers: 2
 Concurrent Refinement Workers: 8
 Periodic GC: Disabled
Heap:
 garbage-first heap   total 69632K, used 28408K [0x0000000701c00000, 0x0000000800000000)
  region size 2048K, 1 young (2048K), 0 survivors (0K)
 Metaspace       used 33408K, committed 33792K, reserved 1081344K
  class space    used 4273K, committed 4480K, reserved 1048576K
GC Heap History (20 events):
Event: 556.419 GC heap after
{Heap after GC invocations=104 (full 49):
 garbage-first heap   total 69632K, used 27990K [0x0000000701c00000, 0x0000000800000000)
  region size 2048K, 0 young (0K), 0 survivors (0K)
 Metaspace       used 33399K, committed 33792K, reserved 1081344K
  class space    used 4272K, committed 4480K, reserved 1048576K
}
Event: 556.419 GC heap before
{Heap before GC invocations=104 (full 49):
 garbage-first heap   total 69632K, used 27990K [0x0000000701c00000, 0x0000000800000000)
  region size 2048K, 1 young (2048K), 0 survivors (0K)
 Metaspace       used 33399K, committed 33792K, reserved 1081344K
  class space    used 4272K, committed 4480K, reserved 1048576K
}
Event: 556.466 GC heap after
{Heap after GC invocations=105 (full 50):
 garbage-first heap   total 69632K, used 27991K [0x0000000701c00000, 0x0000000800000000)
  region size 2048K, 0 young (0K), 0 survivors (0K)
 Metaspace       used 33399K, committed 33792K, reserved 1081344K
  class space    used 4272K, committed 4480K, reserved 1048576K
}
Event: 556.468 GC heap before
{Heap before GC invocations=105 (full 50):
 garbage-first heap   total 69632K, used 27991K [0x0000000701c00000, 0x0000000800000000)
  region size 2048K, 1 young (2048K), 0 survivors (0K)
 Metaspace       used 33406K, committed 33792K, reserved 1081344K
  class space    used 4272K, committed 4480K, reserved 1048576K
}
Event: 556.515 GC heap after
{Heap after GC invocations=106 (full 51):
 garbage-first heap   total 69632K, used 27988K [0x0000000701c00000, 0x0000000800000000)
  region size 2048K, 0 young (0K), 0 survivors (0K)
 Metaspace       used 33406K, committed 33792K, reserved 1081344K
  class space    used 4272K, committed 4480K, reserved 1048576K
}
Event: 556.516 GC heap before
{Heap before GC invocations=106 (full 51):
 garbage-first heap   total 69632K, used 27988K [0x0000000701c00000, 0x0000000800000000)
  region size 2048K, 1 young (2048K), 0 survivors (0K)
 Metaspace       used 33406K, committed 33792K, reserved 1081344K
  class space    used 4272K, committed 4480K, reserved 1048576K
}
Event: 556.563 GC heap after
{Heap after GC invocations=107 (full 52):
 garbage-first heap   total 69632K, used 27980K [0x0000000701c00000, 0x0000000800000000)
  region size 2048K, 0 young (0K), 0 survivors (0K)
 Metaspace       used 33406K, committed 33792K, reserved 1081344K
  class space    used 4272K, committed 4480K, reserved 1048576K
}
Event: 556.564 GC heap before
{Heap before GC invocations=107 (full 52):
 garbage-first heap   total 69632K, used 27980K [0x0000000701c00000, 0x0000000800000000)
  region size 2048K, 1 young (2048K), 0 survivors (0K)
 Metaspace       used 33407K, committed 33792K, reserved 1081344K
  class space    used 4273K, committed 4480K, reserved 1048576K
}
Event: 556.606 GC heap after
{Heap after GC invocations=108 (full 53):
 garbage-first heap   total 69632K, used 27983K [0x0000000701c00000, 0x0000000800000000)
  region size 2048K, 0 young (0K), 0 survivors (0K)
 Metaspace       used 33407K, committed 33792K, reserved 1081344K
  class space    used 4273K, committed 4480K, reserved 1048576K
}
Event: 556.607 GC heap before
{Heap before GC invocations=108 (full 53):
 garbage-first heap   total 69632K, used 27983K [0x0000000701c00000, 0x0000000800000000)
  region size 2048K, 1 young (2048K), 0 survivors (0K)
 Metaspace       used 33407K, committed 33792K, reserved 1081344K
  class space    used 4273K, committed 4480K, reserved 1048576K
}
Event: 556.651 GC heap after
{Heap after GC invocations=109 (full 54):
 garbage-first heap   total 69632K, used 27976K [0x0000000701c00000, 0x0000000800000000)
  region size 2048K, 0 young (0K), 0 survivors (0K)
 Metaspace       used 33407K, committed 33792K, reserved 1081344K
  class space    used 4273K, committed 4480K, reserved 1048576K
}
Event: 556.664 GC heap before
{Heap before GC invocations=109 (full 54):
 garbage-first heap   total 69632K, used 27976K [0x0000000701c00000, 0x0000000800000000)
  region size 2048K, 1 young (2048K), 0 survivors (0K)
 Metaspace       used 33408K, committed 33792K, reserved 1081344K
  class space    used 4273K, committed 4480K, reserved 1048576K
}
Event: 556.708 GC heap after
{Heap after GC invocations=110 (full 55):
 garbage-first heap   total 69632K, used 27932K [0x0000000701c00000, 0x0000000800000000)
  region size 2048K, 0 young (0K), 0 survivors (0K)
 Metaspace       used 33408K, committed 33792K, reserved 1081344K
  class space    used 4273K, committed 4480K, reserved 1048576K
}
Event: 556.709 GC heap before
{Heap before GC invocations=110 (full 55):
 garbage-first heap   total 69632K, used 27932K [0x0000000701c00000, 0x0000000800000000)
  region size 2048K, 1 young (2048K), 0 survivors (0K)
 Metaspace       used 33408K, committed 33792K, reserved 1081344K
  class space    used 4273K, committed 4480K, reserved 1048576K
}
Event: 556.752 GC heap after
{Heap after GC invocations=111 (full 56):
 garbage-first heap   total 69632K, used 27934K [0x0000000701c00000, 0x0000000800000000)
  region size 2048K, 0 young (0K), 0 survivors (0K)
 Metaspace       used 33408K, committed 33792K, reserved 1081344K
  class space    used 4273K, committed 4480K, reserved 1048576K
}
Event: 556.753 GC heap before
{Heap before GC invocations=111 (full 56):
 garbage-first heap   total 69632K, used 27934K [0x0000000701c00000, 0x0000000800000000)
  region size 2048K, 1 young (2048K), 0 survivors (0K)
 Metaspace       used 33408K, committed 33792K, reserved 1081344K
  class space    used 4273K, committed 4480K, reserved 1048576K
}
Event: 556.799 GC heap after
{Heap after GC invocations=112 (full 57):
 garbage-first heap   total 69632K, used 27951K [0x0000000701c00000, 0x0000000800000000)
  region size 2048K, 0 young (0K), 0 survivors (0K)
 Metaspace       used 33408K, committed 33792K, reserved 1081344K
  class space    used 4273K, committed 4480K, reserved 1048576K
}
Event: 556.800 GC heap before
{Heap before GC invocations=112 (full 57):
 garbage-first heap   total 69632K, used 27951K [0x0000000701c00000, 0x0000000800000000)
  region size 2048K, 1 young (2048K), 0 survivors (0K)
 Metaspace       used 33408K, committed 33792K, reserved 1081344K
  class space    used 4273K, committed 4480K, reserved 1048576K
}
Event: 556.844 GC heap after
{Heap after GC invocations=113 (full 58):
 garbage-first heap   total 69632K, used 27952K [0x0000000701c00000, 0x0000000800000000)
  region size 2048K, 0 young (0K), 0 survivors (0K)
 Metaspace       used 33408K, committed 33792K, reserved 1081344K
  class space    used 4273K, committed 4480K, reserved 1048576K
}
Event: 556.845 GC heap before
{Heap before GC invocations=113 (full 58):
 garbage-first heap   total 69632K, used 27952K [0x0000000701c00000, 0x0000000800000000)
  region size 2048K, 1 young (2048K), 0 survivors (0K)
 Metaspace       used 33408K, committed 33792K, reserved 1081344K
  class space    used 4273K, committed 4480K, reserved 1048576K
}

