# JRE version: Java(TM) SE Runtime Environment (16.0.1+9) (build 16.0.1+9-24)
# Java VM: Java HotSpot(TM) 64-Bit Server VM (16.0.1+9-24, mixed mode, sharing, tiered, compressed oops, compressed class ptrs, g1 gc, windows-amd64)
GC Precious Log:
 CPUs: 8 total, 8 available
 Memory: 16265M
 Large Page Support: Disabled
 NUMA Support: Disabled
 Compressed Oops: Enabled (Zero based)
 Heap Region Size: 2M
 Heap Min Capacity: 8M
 Heap Initial Capacity: 256M
 Heap Max Capacity: 4068M
 Pre-touch: Disabled
 Parallel Workers: 8
 Concurrent Workers: 2
 Concurrent Refinement Workers: 8
 Periodic GC: Disabled
Heap:
 garbage-first heap   total 122880K, used 37607K [0x0000000701c00000, 0x0000000800000000)
  region size 2048K, 1 young (2048K), 0 survivors (0K)
 Metaspace       used 34186K, committed 34560K, reserved 1081344K
  class space    used 4235K, committed 4416K, reserved 1048576K
GC Heap History (20 events):
Event: 3014.774 GC heap after
{Heap after GC invocations=297 (full 276):
 garbage-first heap   total 75776K, used 34035K [0x0000000701c00000, 0x0000000800000000)
  region size 2048K, 0 young (0K), 0 survivors (0K)
 Metaspace       used 34078K, committed 34496K, reserved 1081344K
  class space    used 4234K, committed 4416K, reserved 1048576K
}
Event: 3014.787 GC heap before
{Heap before GC invocations=297 (full 276):
 garbage-first heap   total 75776K, used 34035K [0x0000000701c00000, 0x0000000800000000)
  region size 2048K, 1 young (2048K), 0 survivors (0K)
 Metaspace       used 34078K, committed 34496K, reserved 1081344K
  class space    used 4234K, committed 4416K, reserved 1048576K
}
Event: 3014.832 GC heap after
{Heap after GC invocations=298 (full 277):
 garbage-first heap   total 75776K, used 34032K [0x0000000701c00000, 0x0000000800000000)
  region size 2048K, 0 young (0K), 0 survivors (0K)
 Metaspace       used 34078K, committed 34496K, reserved 1081344K
  class space    used 4234K, committed 4416K, reserved 1048576K
}
Event: 3015.041 GC heap before
{Heap before GC invocations=298 (full 277):
 garbage-first heap   total 75776K, used 36080K [0x0000000701c00000, 0x0000000800000000)
  region size 2048K, 2 young (4096K), 0 survivors (0K)
 Metaspace       used 34079K, committed 34496K, reserved 1081344K
  class space    used 4234K, committed 4416K, reserved 1048576K
}
Event: 3015.094 GC heap after
{Heap after GC invocations=299 (full 278):
 garbage-first heap   total 75776K, used 33922K [0x0000000701c00000, 0x0000000800000000)
  region size 2048K, 0 young (0K), 0 survivors (0K)
 Metaspace       used 34079K, committed 34496K, reserved 1081344K
  class space    used 4234K, committed 4416K, reserved 1048576K
}
Event: 3015.104 GC heap before
{Heap before GC invocations=299 (full 278):
 garbage-first heap   total 75776K, used 33922K [0x0000000701c00000, 0x0000000800000000)
  region size 2048K, 1 young (2048K), 0 survivors (0K)
 Metaspace       used 34085K, committed 34496K, reserved 1081344K
  class space    used 4234K, committed 4416K, reserved 1048576K
}
Event: 3015.159 GC heap after
{Heap after GC invocations=300 (full 279):
 garbage-first heap   total 75776K, used 33950K [0x0000000701c00000, 0x0000000800000000)
  region size 2048K, 0 young (0K), 0 survivors (0K)
 Metaspace       used 34085K, committed 34496K, reserved 1081344K
  class space    used 4234K, committed 4416K, reserved 1048576K
}
Event: 3017.102 GC heap before
{Heap before GC invocations=300 (full 279):
 garbage-first heap   total 75776K, used 60574K [0x0000000701c00000, 0x0000000800000000)
  region size 2048K, 14 young (28672K), 0 survivors (0K)
 Metaspace       used 34105K, committed 34496K, reserved 1081344K
  class space    used 4234K, committed 4416K, reserved 1048576K
}
Event: 3017.103 GC heap after
{Heap after GC invocations=301 (full 279):
 garbage-first heap   total 227328K, used 34370K [0x0000000701c00000, 0x0000000800000000)
  region size 2048K, 1 young (2048K), 1 survivors (2048K)
 Metaspace       used 34105K, committed 34496K, reserved 1081344K
  class space    used 4234K, committed 4416K, reserved 1048576K
}
Event: 3023.168 GC heap before
{Heap before GC invocations=302 (full 279):
 garbage-first heap   total 137216K, used 114242K [0x0000000701c00000, 0x0000000800000000)
  region size 2048K, 40 young (81920K), 1 survivors (2048K)
 Metaspace       used 34138K, committed 34496K, reserved 1081344K
  class space    used 4234K, committed 4416K, reserved 1048576K
}
Event: 3023.169 GC heap after
{Heap after GC invocations=303 (full 279):
 garbage-first heap   total 137216K, used 34413K [0x0000000701c00000, 0x0000000800000000)
  region size 2048K, 1 young (2048K), 1 survivors (2048K)
 Metaspace       used 34138K, committed 34496K, reserved 1081344K
  class space    used 4234K, committed 4416K, reserved 1048576K
}
Event: 3024.871 GC heap before
{Heap before GC invocations=303 (full 279):
 garbage-first heap   total 137216K, used 56941K [0x0000000701c00000, 0x0000000800000000)
  region size 2048K, 13 young (26624K), 1 survivors (2048K)
 Metaspace       used 34155K, committed 34560K, reserved 1081344K
  class space    used 4234K, committed 4416K, reserved 1048576K
}
Event: 3024.899 GC heap after
{Heap after GC invocations=304 (full 280):
 garbage-first heap   total 137216K, used 34359K [0x0000000701c00000, 0x0000000800000000)
  region size 2048K, 0 young (0K), 0 survivors (0K)
 Metaspace       used 34155K, committed 34560K, reserved 1081344K
  class space    used 4234K, committed 4416K, reserved 1048576K
}
Event: 3025.177 GC heap before
{Heap before GC invocations=304 (full 280):
 garbage-first heap   total 137216K, used 40503K [0x0000000701c00000, 0x0000000800000000)
  region size 2048K, 4 young (8192K), 0 survivors (0K)
 Metaspace       used 34169K, committed 34560K, reserved 1081344K
  class space    used 4234K, committed 4416K, reserved 1048576K
}
Event: 3025.214 GC heap after
{Heap after GC invocations=305 (full 281):
 garbage-first heap   total 137216K, used 35568K [0x0000000701c00000, 0x0000000800000000)
  region size 2048K, 0 young (0K), 0 survivors (0K)
 Metaspace       used 34169K, committed 34560K, reserved 1081344K
  class space    used 4234K, committed 4416K, reserved 1048576K
}
Event: 3025.263 GC heap before
{Heap before GC invocations=305 (full 281):
 garbage-first heap   total 137216K, used 37616K [0x0000000701c00000, 0x0000000800000000)
  region size 2048K, 2 young (4096K), 0 survivors (0K)
 Metaspace       used 34180K, committed 34560K, reserved 1081344K
  class space    used 4235K, committed 4416K, reserved 1048576K
}
Event: 3025.307 GC heap after
{Heap after GC invocations=306 (full 282):
 garbage-first heap   total 131072K, used 35755K [0x0000000701c00000, 0x0000000800000000)
  region size 2048K, 0 young (0K), 0 survivors (0K)
 Metaspace       used 34180K, committed 34560K, reserved 1081344K
  class space    used 4235K, committed 4416K, reserved 1048576K
}
Event: 3025.307 GC heap before
{Heap before GC invocations=306 (full 282):
 garbage-first heap   total 131072K, used 35755K [0x0000000701c00000, 0x0000000800000000)
  region size 2048K, 1 young (2048K), 0 survivors (0K)
 Metaspace       used 34180K, committed 34560K, reserved 1081344K
  class space    used 4235K, committed 4416K, reserved 1048576K
}
Event: 3025.347 GC heap after
{Heap after GC invocations=307 (full 283):
 garbage-first heap   total 131072K, used 35772K [0x0000000701c00000, 0x0000000800000000)
  region size 2048K, 0 young (0K), 0 survivors (0K)
 Metaspace       used 34180K, committed 34560K, reserved 1081344K
  class space    used 4235K, committed 4416K, reserved 1048576K
}
Event: 3025.348 GC heap before
{Heap before GC invocations=307 (full 283):
 garbage-first heap   total 131072K, used 35772K [0x0000000701c00000, 0x0000000800000000)
  region size 2048K, 1 young (2048K), 0 survivors (0K)
 Metaspace       used 34180K, committed 34560K, reserved 1081344K
  class space    used 4235K, committed 4416K, reserved 1048576K
}

