# JRE version: Java(TM) SE Runtime Environment (16.0.1+9) (build 16.0.1+9-24)
# Java VM: Java HotSpot(TM) 64-Bit Server VM (16.0.1+9-24, mixed mode, sharing, tiered, compressed oops, compressed class ptrs, g1 gc, windows-amd64)
GC Precious Log:
 CPUs: 8 total, 8 available
 Memory: 16265M
 Large Page Support: Disabled
 NUMA Support: Disabled
 Compressed Oops: Enabled (Zero based)
 Heap Region Size: 2M
 Heap Min Capacity: 8M
 Heap Initial Capacity: 256M
 Heap Max Capacity: 4068M
 Pre-touch: Disabled
 Parallel Workers: 8
 Concurrent Workers: 2
 Concurrent Refinement Workers: 8
 Periodic GC: Disabled
Heap:
 garbage-first heap   total 55296K, used 19830K [0x0000000701c00000, 0x0000000800000000)
  region size 2048K, 1 young (2048K), 0 survivors (0K)
 Metaspace       used 26215K, committed 26560K, reserved 1073152K
  class space    used 3371K, committed 3520K, reserved 1048576K
GC Heap History (20 events):
Event: 20.638 GC heap before
{Heap before GC invocations=26 (full 18):
 garbage-first heap   total 55296K, used 21816K [0x0000000701c00000, 0x0000000800000000)
  region size 2048K, 2 young (4096K), 0 survivors (0K)
 Metaspace       used 25716K, committed 26048K, reserved 1073152K
  class space    used 3364K, committed 3520K, reserved 1048576K
}
Event: 20.668 GC heap after
{Heap after GC invocations=27 (full 19):
 garbage-first heap   total 55296K, used 19684K [0x0000000701c00000, 0x0000000800000000)
  region size 2048K, 0 young (0K), 0 survivors (0K)
 Metaspace       used 25716K, committed 26048K, reserved 1073152K
  class space    used 3364K, committed 3520K, reserved 1048576K
}
Event: 20.669 GC heap before
{Heap before GC invocations=27 (full 19):
 garbage-first heap   total 55296K, used 19684K [0x0000000701c00000, 0x0000000800000000)
  region size 2048K, 1 young (2048K), 0 survivors (0K)
 Metaspace       used 25716K, committed 26048K, reserved 1073152K
  class space    used 3364K, committed 3520K, reserved 1048576K
}
Event: 20.701 GC heap after
{Heap after GC invocations=28 (full 20):
 garbage-first heap   total 55296K, used 19684K [0x0000000701c00000, 0x0000000800000000)
  region size 2048K, 0 young (0K), 0 survivors (0K)
 Metaspace       used 25716K, committed 26048K, reserved 1073152K
  class space    used 3364K, committed 3520K, reserved 1048576K
}
Event: 20.987 GC heap before
{Heap before GC invocations=28 (full 20):
 garbage-first heap   total 55296K, used 21732K [0x0000000701c00000, 0x0000000800000000)
  region size 2048K, 2 young (4096K), 0 survivors (0K)
 Metaspace       used 25819K, committed 26112K, reserved 1073152K
  class space    used 3364K, committed 3520K, reserved 1048576K
}
Event: 21.018 GC heap after
{Heap after GC invocations=29 (full 21):
 garbage-first heap   total 55296K, used 19768K [0x0000000701c00000, 0x0000000800000000)
  region size 2048K, 0 young (0K), 0 survivors (0K)
 Metaspace       used 25819K, committed 26112K, reserved 1073152K
  class space    used 3364K, committed 3520K, reserved 1048576K
}
Event: 21.019 GC heap before
{Heap before GC invocations=29 (full 21):
 garbage-first heap   total 55296K, used 19768K [0x0000000701c00000, 0x0000000800000000)
  region size 2048K, 1 young (2048K), 0 survivors (0K)
 Metaspace       used 25819K, committed 26112K, reserved 1073152K
  class space    used 3364K, committed 3520K, reserved 1048576K
}
Event: 21.049 GC heap after
{Heap after GC invocations=30 (full 22):
 garbage-first heap   total 55296K, used 19768K [0x0000000701c00000, 0x0000000800000000)
  region size 2048K, 0 young (0K), 0 survivors (0K)
 Metaspace       used 25819K, committed 26112K, reserved 1073152K
  class space    used 3364K, committed 3520K, reserved 1048576K
}
Event: 21.328 GC heap before
{Heap before GC invocations=30 (full 22):
 garbage-first heap   total 55296K, used 21816K [0x0000000701c00000, 0x0000000800000000)
  region size 2048K, 2 young (4096K), 0 survivors (0K)
 Metaspace       used 25876K, committed 26176K, reserved 1073152K
  class space    used 3364K, committed 3520K, reserved 1048576K
}
Event: 21.357 GC heap after
{Heap after GC invocations=31 (full 23):
 garbage-first heap   total 55296K, used 19774K [0x0000000701c00000, 0x0000000800000000)
  region size 2048K, 0 young (0K), 0 survivors (0K)
 Metaspace       used 25876K, committed 26176K, reserved 1073152K
  class space    used 3364K, committed 3520K, reserved 1048576K
}
Event: 21.358 GC heap before
{Heap before GC invocations=31 (full 23):
 garbage-first heap   total 55296K, used 19774K [0x0000000701c00000, 0x0000000800000000)
  region size 2048K, 1 young (2048K), 0 survivors (0K)
 Metaspace       used 25876K, committed 26176K, reserved 1073152K
  class space    used 3364K, committed 3520K, reserved 1048576K
}
Event: 21.387 GC heap after
{Heap after GC invocations=32 (full 24):
 garbage-first heap   total 55296K, used 19774K [0x0000000701c00000, 0x0000000800000000)
  region size 2048K, 0 young (0K), 0 survivors (0K)
 Metaspace       used 25876K, committed 26176K, reserved 1073152K
  class space    used 3364K, committed 3520K, reserved 1048576K
}
Event: 21.659 GC heap before
{Heap before GC invocations=32 (full 24):
 garbage-first heap   total 55296K, used 21822K [0x0000000701c00000, 0x0000000800000000)
  region size 2048K, 2 young (4096K), 0 survivors (0K)
 Metaspace       used 25930K, committed 26240K, reserved 1073152K
  class space    used 3364K, committed 3520K, reserved 1048576K
}
Event: 21.687 GC heap after
{Heap after GC invocations=33 (full 25):
 garbage-first heap   total 55296K, used 19778K [0x0000000701c00000, 0x0000000800000000)
  region size 2048K, 0 young (0K), 0 survivors (0K)
 Metaspace       used 25930K, committed 26240K, reserved 1073152K
  class space    used 3364K, committed 3520K, reserved 1048576K
}
Event: 21.688 GC heap before
{Heap before GC invocations=33 (full 25):
 garbage-first heap   total 55296K, used 19778K [0x0000000701c00000, 0x0000000800000000)
  region size 2048K, 1 young (2048K), 0 survivors (0K)
 Metaspace       used 25930K, committed 26240K, reserved 1073152K
  class space    used 3364K, committed 3520K, reserved 1048576K
}
Event: 21.715 GC heap after
{Heap after GC invocations=34 (full 26):
 garbage-first heap   total 55296K, used 19778K [0x0000000701c00000, 0x0000000800000000)
  region size 2048K, 0 young (0K), 0 survivors (0K)
 Metaspace       used 25930K, committed 26240K, reserved 1073152K
  class space    used 3364K, committed 3520K, reserved 1048576K
}
Event: 27.946 GC heap before
{Heap before GC invocations=34 (full 26):
 garbage-first heap   total 55296K, used 25922K [0x0000000701c00000, 0x0000000800000000)
  region size 2048K, 4 young (8192K), 0 survivors (0K)
 Metaspace       used 26184K, committed 26496K, reserved 1073152K
  class space    used 3371K, committed 3520K, reserved 1048576K
}
Event: 27.976 GC heap after
{Heap after GC invocations=35 (full 27):
 garbage-first heap   total 55296K, used 19755K [0x0000000701c00000, 0x0000000800000000)
  region size 2048K, 0 young (0K), 0 survivors (0K)
 Metaspace       used 26184K, committed 26496K, reserved 1073152K
  class space    used 3371K, committed 3520K, reserved 1048576K
}
Event: 30.007 GC heap before
{Heap before GC invocations=35 (full 27):
 garbage-first heap   total 55296K, used 19755K [0x0000000701c00000, 0x0000000800000000)
  region size 2048K, 1 young (2048K), 0 survivors (0K)
 Metaspace       used 26198K, committed 26496K, reserved 1073152K
  class space    used 3371K, committed 3520K, reserved 1048576K
}
Event: 30.037 GC heap after
{Heap after GC invocations=36 (full 28):
 garbage-first heap   total 55296K, used 19764K [0x0000000701c00000, 0x0000000800000000)
  region size 2048K, 0 young (0K), 0 survivors (0K)
 Metaspace       used 26198K, committed 26496K, reserved 1073152K
  class space    used 3371K, committed 3520K, reserved 1048576K
}

